<?xml version="1.0" encoding="UTF-8"?>
<testng-results skipped="3" failed="1" total="15" passed="11">
  <reporter-output>
  </reporter-output>
  <suite name="Suite" duration-ms="476329" started-at="2019-04-12T12:20:06Z" finished-at="2019-04-12T12:28:02Z">
    <groups>
      <group name="Regression">
        <method signature="Login_TestCase.invalidusername_password()[pri:10, instance:com.jbk.Login_TestCase@7c0e2abd]" name="invalidusername_password" class="com.jbk.Login_TestCase"/>
      </group> <!-- Regression -->
    </groups>
    <test name="Test" duration-ms="476329" started-at="2019-04-12T12:20:06Z" finished-at="2019-04-12T12:28:02Z">
      <class name="com.jbk.Login_TestCase">
        <test-method status="PASS" signature="setup_Browser()[pri:0, instance:com.jbk.Login_TestCase@7c0e2abd]" name="setup_Browser" is-config="true" duration-ms="15990" started-at="2019-04-12T17:50:06Z" finished-at="2019-04-12T17:50:22Z">
          <reporter-output>
          </reporter-output>
        </test-method> <!-- setup_Browser -->
        <test-method status="PASS" signature="Verify_Url()[pri:1, instance:com.jbk.Login_TestCase@7c0e2abd]" name="Verify_Url" duration-ms="135" started-at="2019-04-12T17:50:22Z" finished-at="2019-04-12T17:50:22Z">
          <reporter-output>
          </reporter-output>
        </test-method> <!-- Verify_Url -->
        <test-method status="PASS" signature="setup_Browser()[pri:0, instance:com.jbk.Login_TestCase@7c0e2abd]" name="setup_Browser" is-config="true" duration-ms="14306" started-at="2019-04-12T17:50:22Z" finished-at="2019-04-12T17:50:36Z">
          <reporter-output>
          </reporter-output>
        </test-method> <!-- setup_Browser -->
        <test-method status="PASS" signature="verifyApplicationTitle()[pri:2, instance:com.jbk.Login_TestCase@7c0e2abd]" name="verifyApplicationTitle" duration-ms="66" started-at="2019-04-12T17:50:36Z" finished-at="2019-04-12T17:50:36Z">
          <reporter-output>
          </reporter-output>
        </test-method> <!-- verifyApplicationTitle -->
        <test-method status="PASS" signature="setup_Browser()[pri:0, instance:com.jbk.Login_TestCase@7c0e2abd]" name="setup_Browser" is-config="true" duration-ms="16128" started-at="2019-04-12T17:50:36Z" finished-at="2019-04-12T17:50:52Z">
          <reporter-output>
          </reporter-output>
        </test-method> <!-- setup_Browser -->
        <test-method status="PASS" signature="verifyTitle()[pri:3, instance:com.jbk.Login_TestCase@7c0e2abd]" name="verifyTitle" duration-ms="1493" started-at="2019-04-12T17:50:52Z" finished-at="2019-04-12T17:50:54Z">
          <reporter-output>
          </reporter-output>
        </test-method> <!-- verifyTitle -->
        <test-method status="PASS" signature="setup_Browser()[pri:0, instance:com.jbk.Login_TestCase@7c0e2abd]" name="setup_Browser" is-config="true" duration-ms="20815" started-at="2019-04-12T17:50:54Z" finished-at="2019-04-12T17:51:14Z">
          <reporter-output>
          </reporter-output>
        </test-method> <!-- setup_Browser -->
        <test-method status="PASS" signature="loginSession()[pri:4, instance:com.jbk.Login_TestCase@7c0e2abd]" name="loginSession" duration-ms="115" started-at="2019-04-12T17:51:14Z" finished-at="2019-04-12T17:51:15Z">
          <reporter-output>
          </reporter-output>
        </test-method> <!-- loginSession -->
        <test-method status="PASS" signature="setup_Browser()[pri:0, instance:com.jbk.Login_TestCase@7c0e2abd]" name="setup_Browser" is-config="true" duration-ms="19822" started-at="2019-04-12T17:51:15Z" finished-at="2019-04-12T17:51:34Z">
          <reporter-output>
          </reporter-output>
        </test-method> <!-- setup_Browser -->
        <test-method status="PASS" signature="check_placeHolder_Username()[pri:5, instance:com.jbk.Login_TestCase@7c0e2abd]" name="check_placeHolder_Username" duration-ms="160" started-at="2019-04-12T17:51:34Z" finished-at="2019-04-12T17:51:35Z">
          <reporter-output>
          </reporter-output>
        </test-method> <!-- check_placeHolder_Username -->
        <test-method status="PASS" signature="setup_Browser()[pri:0, instance:com.jbk.Login_TestCase@7c0e2abd]" name="setup_Browser" is-config="true" duration-ms="22004" started-at="2019-04-12T17:51:35Z" finished-at="2019-04-12T17:51:57Z">
          <reporter-output>
          </reporter-output>
        </test-method> <!-- setup_Browser -->
        <test-method status="PASS" signature="check_placeHolder_password()[pri:6, instance:com.jbk.Login_TestCase@7c0e2abd]" name="check_placeHolder_password" duration-ms="497" started-at="2019-04-12T17:51:57Z" finished-at="2019-04-12T17:51:57Z">
          <reporter-output>
          </reporter-output>
        </test-method> <!-- check_placeHolder_password -->
        <test-method status="PASS" signature="setup_Browser()[pri:0, instance:com.jbk.Login_TestCase@7c0e2abd]" name="setup_Browser" is-config="true" duration-ms="23116" started-at="2019-04-12T17:51:57Z" finished-at="2019-04-12T17:52:20Z">
          <reporter-output>
          </reporter-output>
        </test-method> <!-- setup_Browser -->
        <test-method status="PASS" signature="check_Button_color()[pri:7, instance:com.jbk.Login_TestCase@7c0e2abd]" name="check_Button_color" duration-ms="1093" started-at="2019-04-12T17:52:20Z" finished-at="2019-04-12T17:52:21Z">
          <reporter-output>
          </reporter-output>
        </test-method> <!-- check_Button_color -->
        <test-method status="PASS" signature="setup_Browser()[pri:0, instance:com.jbk.Login_TestCase@7c0e2abd]" name="setup_Browser" is-config="true" duration-ms="17216" started-at="2019-04-12T17:52:21Z" finished-at="2019-04-12T17:52:39Z">
          <reporter-output>
          </reporter-output>
        </test-method> <!-- setup_Browser -->
        <test-method status="PASS" signature="check_Links()[pri:8, instance:com.jbk.Login_TestCase@7c0e2abd]" name="check_Links" duration-ms="225" started-at="2019-04-12T17:52:39Z" finished-at="2019-04-12T17:52:39Z">
          <reporter-output>
          </reporter-output>
        </test-method> <!-- check_Links -->
        <test-method status="PASS" signature="setup_Browser()[pri:0, instance:com.jbk.Login_TestCase@7c0e2abd]" name="setup_Browser" is-config="true" duration-ms="27203" started-at="2019-04-12T17:52:39Z" finished-at="2019-04-12T17:53:06Z">
          <reporter-output>
          </reporter-output>
        </test-method> <!-- setup_Browser -->
        <test-method status="PASS" signature="blank_username_password()[pri:9, instance:com.jbk.Login_TestCase@7c0e2abd]" name="blank_username_password" duration-ms="2742" started-at="2019-04-12T17:53:06Z" finished-at="2019-04-12T17:53:09Z">
          <reporter-output>
          </reporter-output>
        </test-method> <!-- blank_username_password -->
        <test-method status="PASS" signature="setup_Browser()[pri:0, instance:com.jbk.Login_TestCase@7c0e2abd]" name="setup_Browser" is-config="true" duration-ms="14617" started-at="2019-04-12T17:53:09Z" finished-at="2019-04-12T17:53:23Z">
          <reporter-output>
          </reporter-output>
        </test-method> <!-- setup_Browser -->
        <test-method status="PASS" signature="invalidusername_password()[pri:10, instance:com.jbk.Login_TestCase@7c0e2abd]" name="invalidusername_password" duration-ms="7005" started-at="2019-04-12T17:53:23Z" finished-at="2019-04-12T17:53:30Z">
          <reporter-output>
          </reporter-output>
        </test-method> <!-- invalidusername_password -->
        <test-method status="PASS" signature="setup_Browser()[pri:0, instance:com.jbk.Login_TestCase@7c0e2abd]" name="setup_Browser" is-config="true" duration-ms="13189" started-at="2019-04-12T17:53:30Z" finished-at="2019-04-12T17:53:44Z">
          <reporter-output>
          </reporter-output>
        </test-method> <!-- setup_Browser -->
        <test-method status="PASS" signature="validUsername_Password()[pri:11, instance:com.jbk.Login_TestCase@7c0e2abd]" name="validUsername_Password" duration-ms="4185" started-at="2019-04-12T17:53:44Z" finished-at="2019-04-12T17:53:48Z">
          <reporter-output>
          </reporter-output>
        </test-method> <!-- validUsername_Password -->
        <test-method status="PASS" signature="setup_Browser()[pri:0, instance:com.jbk.Login_TestCase@7c0e2abd]" name="setup_Browser" is-config="true" duration-ms="60322" started-at="2019-04-12T17:53:48Z" finished-at="2019-04-12T17:54:48Z">
          <reporter-output>
          </reporter-output>
        </test-method> <!-- setup_Browser -->
        <test-method status="FAIL" signature="Verify_url_DashBoard()[pri:12, instance:com.jbk.Login_TestCase@7c0e2abd]" name="Verify_url_DashBoard" duration-ms="2634" started-at="2019-04-12T17:54:48Z" finished-at="2019-04-12T17:54:51Z">
          <exception class="java.lang.AssertionError">
            <message>
              <![CDATA[expected:<file:///F:/Selinium%20File/Selenium%20Software/Offline%20Website/index.html> but was:<file:///F:/Selinium%20File/Selenium%20Software/Offline%20Website/pages/examples/dashboard.html>]]>
            </message>
            <full-stacktrace>
              <![CDATA[java.lang.AssertionError: expected:<file:///F:/Selinium%20File/Selenium%20Software/Offline%20Website/index.html> but was:<file:///F:/Selinium%20File/Selenium%20Software/Offline%20Website/pages/examples/dashboard.html>
	at org.testng.AssertJUnit.assertEquals(AssertJUnit.java:101)
	at org.testng.AssertJUnit.assertEquals(AssertJUnit.java:108)
	at com.jbk.Login_TestCase.Verify_url_DashBoard(Login_TestCase.java:174)
	at sun.reflect.NativeMethodAccessorImpl.invoke0(Native Method)
	at sun.reflect.NativeMethodAccessorImpl.invoke(Unknown Source)
	at sun.reflect.DelegatingMethodAccessorImpl.invoke(Unknown Source)
	at java.lang.reflect.Method.invoke(Unknown Source)
	at org.testng.internal.MethodInvocationHelper.invokeMethod(MethodInvocationHelper.java:85)
	at org.testng.internal.Invoker.invokeMethod(Invoker.java:639)
	at org.testng.internal.Invoker.invokeTestMethod(Invoker.java:816)
	at org.testng.internal.Invoker.invokeTestMethods(Invoker.java:1124)
	at org.testng.internal.TestMethodWorker.invokeTestMethods(TestMethodWorker.java:125)
	at org.testng.internal.TestMethodWorker.run(TestMethodWorker.java:108)
	at org.testng.TestRunner.privateRun(TestRunner.java:774)
	at org.testng.TestRunner.run(TestRunner.java:624)
	at org.testng.SuiteRunner.runTest(SuiteRunner.java:359)
	at org.testng.SuiteRunner.runSequentially(SuiteRunner.java:354)
	at org.testng.SuiteRunner.privateRun(SuiteRunner.java:312)
	at org.testng.SuiteRunner.run(SuiteRunner.java:261)
	at org.testng.SuiteRunnerWorker.runSuite(SuiteRunnerWorker.java:52)
	at org.testng.SuiteRunnerWorker.run(SuiteRunnerWorker.java:86)
	at org.testng.TestNG.runSuitesSequentially(TestNG.java:1215)
	at org.testng.TestNG.runSuitesLocally(TestNG.java:1140)
	at org.testng.TestNG.run(TestNG.java:1048)
	at org.testng.remote.AbstractRemoteTestNG.run(AbstractRemoteTestNG.java:114)
	at org.testng.remote.RemoteTestNG.initAndRun(RemoteTestNG.java:251)
	at org.testng.remote.RemoteTestNG.main(RemoteTestNG.java:77)
]]>
            </full-stacktrace>
          </exception> <!-- java.lang.AssertionError -->
          <reporter-output>
          </reporter-output>
        </test-method> <!-- Verify_url_DashBoard -->
        <test-method status="FAIL" signature="setup_Browser()[pri:0, instance:com.jbk.Login_TestCase@7c0e2abd]" name="setup_Browser" is-config="true" duration-ms="0" started-at="2019-04-12T17:55:00Z" finished-at="2019-04-12T17:55:00Z">
          <exception class="org.openqa.selenium.WebDriverException">
            <message>
              <![CDATA[Failed to connect to binary FirefoxBinary(C:\Program Files (x86)\Mozilla Firefox\firefox.exe) on port 7082; process output follows: 

Build info: version: '2.52.0', revision: '4c2593c', time: '2016-02-11 19:06:42'
System info: host: 'DESKTOP-F4RB5CF', ip: '127.0.0.1', os.name: 'Windows 10', os.arch: 'amd64', os.version: '10.0', java.version: '1.8.0_111'
Driver info: driver.version: FirefoxDriver]]>
            </message>
            <full-stacktrace>
              <![CDATA[org.openqa.selenium.WebDriverException: Failed to connect to binary FirefoxBinary(C:\Program Files (x86)\Mozilla Firefox\firefox.exe) on port 7082; process output follows: 

Build info: version: '2.52.0', revision: '4c2593c', time: '2016-02-11 19:06:42'
System info: host: 'DESKTOP-F4RB5CF', ip: '127.0.0.1', os.name: 'Windows 10', os.arch: 'amd64', os.version: '10.0', java.version: '1.8.0_111'
Driver info: driver.version: FirefoxDriver
	at org.openqa.selenium.firefox.internal.NewProfileExtensionConnection.start(NewProfileExtensionConnection.java:124)
	at org.openqa.selenium.firefox.FirefoxDriver.startClient(FirefoxDriver.java:271)
	at org.openqa.selenium.remote.RemoteWebDriver.<init>(RemoteWebDriver.java:119)
	at org.openqa.selenium.firefox.FirefoxDriver.<init>(FirefoxDriver.java:218)
	at org.openqa.selenium.firefox.FirefoxDriver.<init>(FirefoxDriver.java:211)
	at org.openqa.selenium.firefox.FirefoxDriver.<init>(FirefoxDriver.java:207)
	at org.openqa.selenium.firefox.FirefoxDriver.<init>(FirefoxDriver.java:120)
	at com.jbk.Login_TestCase.setup_Browser(Login_TestCase.java:23)
	at sun.reflect.NativeMethodAccessorImpl.invoke0(Native Method)
	at sun.reflect.NativeMethodAccessorImpl.invoke(Unknown Source)
	at sun.reflect.DelegatingMethodAccessorImpl.invoke(Unknown Source)
	at java.lang.reflect.Method.invoke(Unknown Source)
	at org.testng.internal.MethodInvocationHelper.invokeMethod(MethodInvocationHelper.java:85)
	at org.testng.internal.Invoker.invokeConfigurationMethod(Invoker.java:510)
	at org.testng.internal.Invoker.invokeConfigurations(Invoker.java:211)
	at org.testng.internal.Invoker.invokeMethod(Invoker.java:585)
	at org.testng.internal.Invoker.invokeTestMethod(Invoker.java:816)
	at org.testng.internal.Invoker.invokeTestMethods(Invoker.java:1124)
	at org.testng.internal.TestMethodWorker.invokeTestMethods(TestMethodWorker.java:125)
	at org.testng.internal.TestMethodWorker.run(TestMethodWorker.java:108)
	at org.testng.TestRunner.privateRun(TestRunner.java:774)
	at org.testng.TestRunner.run(TestRunner.java:624)
	at org.testng.SuiteRunner.runTest(SuiteRunner.java:359)
	at org.testng.SuiteRunner.runSequentially(SuiteRunner.java:354)
	at org.testng.SuiteRunner.privateRun(SuiteRunner.java:312)
	at org.testng.SuiteRunner.run(SuiteRunner.java:261)
	at org.testng.SuiteRunnerWorker.runSuite(SuiteRunnerWorker.java:52)
	at org.testng.SuiteRunnerWorker.run(SuiteRunnerWorker.java:86)
	at org.testng.TestNG.runSuitesSequentially(TestNG.java:1215)
	at org.testng.TestNG.runSuitesLocally(TestNG.java:1140)
	at org.testng.TestNG.run(TestNG.java:1048)
	at org.testng.remote.AbstractRemoteTestNG.run(AbstractRemoteTestNG.java:114)
	at org.testng.remote.RemoteTestNG.initAndRun(RemoteTestNG.java:251)
	at org.testng.remote.RemoteTestNG.main(RemoteTestNG.java:77)
Caused by: org.openqa.selenium.firefox.NotConnectedException: Unable to connect to host 127.0.0.1 on port 7082 after 45000 ms. Firefox console output:

	at org.openqa.selenium.firefox.internal.NewProfileExtensionConnection.start(NewProfileExtensionConnection.java:112)
	... 33 more
]]>
            </full-stacktrace>
          </exception> <!-- org.openqa.selenium.WebDriverException -->
          <reporter-output>
          </reporter-output>
        </test-method> <!-- setup_Browser -->
        <test-method status="SKIP" signature="VerifyApplicationTitle_DashBoard()[pri:13, instance:com.jbk.Login_TestCase@7c0e2abd]" name="VerifyApplicationTitle_DashBoard" duration-ms="1" started-at="2019-04-12T17:58:01Z" finished-at="2019-04-12T17:58:01Z">
          <reporter-output>
          </reporter-output>
        </test-method> <!-- VerifyApplicationTitle_DashBoard -->
        <test-method status="SKIP" signature="setup_Browser()[pri:0, instance:com.jbk.Login_TestCase@7c0e2abd]" name="setup_Browser" is-config="true" duration-ms="0" started-at="2019-04-12T17:58:01Z" finished-at="2019-04-12T17:58:01Z">
          <reporter-output>
          </reporter-output>
        </test-method> <!-- setup_Browser -->
        <test-method status="SKIP" signature="heading_Dashboard()[pri:14, instance:com.jbk.Login_TestCase@7c0e2abd]" name="heading_Dashboard" duration-ms="0" started-at="2019-04-12T17:58:01Z" finished-at="2019-04-12T17:58:01Z">
          <reporter-output>
          </reporter-output>
        </test-method> <!-- heading_Dashboard -->
        <test-method status="SKIP" signature="setup_Browser()[pri:0, instance:com.jbk.Login_TestCase@7c0e2abd]" name="setup_Browser" is-config="true" duration-ms="0" started-at="2019-04-12T17:58:01Z" finished-at="2019-04-12T17:58:01Z">
          <reporter-output>
          </reporter-output>
        </test-method> <!-- setup_Browser -->
        <test-method status="SKIP" signature="click_onUser()[pri:15, instance:com.jbk.Login_TestCase@7c0e2abd]" name="click_onUser" duration-ms="0" started-at="2019-04-12T17:58:01Z" finished-at="2019-04-12T17:58:01Z">
          <reporter-output>
          </reporter-output>
        </test-method> <!-- click_onUser -->
      </class> <!-- com.jbk.Login_TestCase -->
    </test> <!-- Test -->
  </suite> <!-- Suite -->
</testng-results>
