<?xml version="1.0" encoding="UTF-8"?>
<!-- Generated by org.testng.reporters.JUnitXMLReporter -->
<testsuite hostname="DESKTOP-F4RB5CF" name="Test" tests="15" failures="1" timestamp="12 Apr 2019 12:28:21 GMT" time="476.329" errors="0">
  <testcase name="@BeforeMethod setup_Browser" time="0.0" classname="com.jbk.Login_TestCase">
    <failure type="org.openqa.selenium.WebDriverException" message="Failed to connect to binary FirefoxBinary(C:\Program Files (x86)\Mozilla Firefox\firefox.exe) on port 7082; process output follows: 

Build info: version: &amp;apos;2.52.0&amp;apos;, revision: &amp;apos;4c2593c&amp;apos;, time: &amp;apos;2016-02-11 19:06:42&amp;apos;
System info: host: &amp;apos;DESKTOP-F4RB5CF&amp;apos;, ip: &amp;apos;192.168.0.119&amp;apos;, os.name: &amp;apos;Windows 10&amp;apos;, os.arch: &amp;apos;amd64&amp;apos;, os.version: &amp;apos;10.0&amp;apos;, java.version: &amp;apos;1.8.0_111&amp;apos;
Driver info: driver.version: FirefoxDriver">
      <![CDATA[org.openqa.selenium.WebDriverException: Failed to connect to binary FirefoxBinary(C:\Program Files (x86)\Mozilla Firefox\firefox.exe) on port 7082; process output follows: 

Build info: version: '2.52.0', revision: '4c2593c', time: '2016-02-11 19:06:42'
System info: host: 'DESKTOP-F4RB5CF', ip: '192.168.0.119', os.name: 'Windows 10', os.arch: 'amd64', os.version: '10.0', java.version: '1.8.0_111'
Driver info: driver.version: FirefoxDriver
	at org.openqa.selenium.firefox.internal.NewProfileExtensionConnection.start(NewProfileExtensionConnection.java:124)
	at org.openqa.selenium.firefox.FirefoxDriver.startClient(FirefoxDriver.java:271)
	at org.openqa.selenium.remote.RemoteWebDriver.<init>(RemoteWebDriver.java:119)
	at org.openqa.selenium.firefox.FirefoxDriver.<init>(FirefoxDriver.java:218)
	at org.openqa.selenium.firefox.FirefoxDriver.<init>(FirefoxDriver.java:211)
	at org.openqa.selenium.firefox.FirefoxDriver.<init>(FirefoxDriver.java:207)
	at org.openqa.selenium.firefox.FirefoxDriver.<init>(FirefoxDriver.java:120)
	at com.jbk.Login_TestCase.setup_Browser(Login_TestCase.java:23)
Caused by: org.openqa.selenium.firefox.NotConnectedException: Unable to connect to host 127.0.0.1 on port 7082 after 45000 ms. Firefox console output:

	at org.openqa.selenium.firefox.internal.NewProfileExtensionConnection.start(NewProfileExtensionConnection.java:112)
	... 33 more
... Removed 26 stack frames]]>
    </failure>
  </testcase> <!-- @BeforeMethod setup_Browser -->
  <testcase name="@BeforeMethod setup_Browser" time="0.0" classname="com.jbk.Login_TestCase">
    <skipped/>
  </testcase> <!-- @BeforeMethod setup_Browser -->
  <testcase name="@BeforeMethod setup_Browser" time="0.0" classname="com.jbk.Login_TestCase">
    <skipped/>
  </testcase> <!-- @BeforeMethod setup_Browser -->
  <testcase name="Verify_Url" time="0.135" classname="com.jbk.Login_TestCase"/>
  <testcase name="verifyApplicationTitle" time="0.066" classname="com.jbk.Login_TestCase"/>
  <testcase name="verifyTitle" time="1.493" classname="com.jbk.Login_TestCase"/>
  <testcase name="loginSession" time="0.115" classname="com.jbk.Login_TestCase"/>
  <testcase name="check_placeHolder_Username" time="0.16" classname="com.jbk.Login_TestCase"/>
  <testcase name="check_placeHolder_password" time="0.497" classname="com.jbk.Login_TestCase"/>
  <testcase name="check_Button_color" time="1.093" classname="com.jbk.Login_TestCase"/>
  <testcase name="check_Links" time="0.225" classname="com.jbk.Login_TestCase"/>
  <testcase name="blank_username_password" time="2.742" classname="com.jbk.Login_TestCase"/>
  <testcase name="invalidusername_password" time="7.005" classname="com.jbk.Login_TestCase"/>
  <testcase name="validUsername_Password" time="4.185" classname="com.jbk.Login_TestCase"/>
  <testcase name="Verify_url_DashBoard" time="2.634" classname="com.jbk.Login_TestCase">
    <failure type="java.lang.AssertionError" message="expected:&amp;lt;file:///F:/Selinium%20File/Selenium%20Software/Offline%20Website/index.html&amp;gt; but was:&amp;lt;file:///F:/Selinium%20File/Selenium%20Software/Offline%20Website/pages/examples/dashboard.html&amp;gt;">
      <![CDATA[java.lang.AssertionError: expected:<file:///F:/Selinium%20File/Selenium%20Software/Offline%20Website/index.html> but was:<file:///F:/Selinium%20File/Selenium%20Software/Offline%20Website/pages/examples/dashboard.html>
	at com.jbk.Login_TestCase.Verify_url_DashBoard(Login_TestCase.java:174)
... Removed 26 stack frames]]>
    </failure>
  </testcase> <!-- Verify_url_DashBoard -->
  <testcase name="VerifyApplicationTitle_DashBoard" time="0.001" classname="com.jbk.Login_TestCase">
    <skipped/>
  </testcase> <!-- VerifyApplicationTitle_DashBoard -->
  <testcase name="heading_Dashboard" time="0.0" classname="com.jbk.Login_TestCase">
    <skipped/>
  </testcase> <!-- heading_Dashboard -->
  <testcase name="click_onUser" time="0.0" classname="com.jbk.Login_TestCase">
    <skipped/>
  </testcase> <!-- click_onUser -->
</testsuite> <!-- Test -->
